<?xml version="1.0" encoding="UTF-8"?>
<!-- Generated by org.testng.reporters.JUnitReportReporter -->
<testsuite hostname="DESKTOP-O4OM8TU" failures="0" tests="1" name="tests.testng.TestNgSuiteRunner" time="0.233" errors="0" timestamp="2021-10-18T00:09:34 BRT" skipped="0">
  <testcase classname="tests.testng.TestNgSuiteRunner" name="runScenario" time="0.233"/>
  <system-out/>
</testsuite> <!-- tests.testng.TestNgSuiteRunner -->
